
hi 
hi
hi 
hi 
hi 
hi 
立ち愛撫 
片手コキ 
両手コキ 
立ち片手フェラ 
立ち愛撫 
亀頭いじり 
片手コキ 
両手コキ 
立ち亀頭いじり 
立ち片手コキ 
立ち手コキ玉いじり 
立ちオナホ手コキ 
先舐め＋竿舐め 
片手フェラ 
両手フェラ 
立ち玉舐め手コキ 
立ち片手フェラ 
立ち両手フェラ 
立ちノーハンドフェラ 
パイズリ 
腕はさみパイズリ 
押し付けパイズリ 
パイズリ+咥え 
立ちパイズリ 
立ち腕はさみパイズリ 
立ちパイズリ+咥え 
本棚愛撫 
立ち愛撫 
仰向け愛撫 
四つん這い愛撫 
亀頭いじり 
片手コキ 
両手コキ 
椅子亀頭いじり 
椅子片手コキ 
立ち亀頭いじり 
立ち片手コキ 
立ち手コキ玉いじり 
立ちオナホ手コキ 
密着手コキ 
先舐め＋竿舐め 
片手フェラ 
両手フェラ 
椅子先舐め＋竿舐め 
椅子ノーハンド先舐め 
椅子両手フェラ 
立ち玉舐め手コキ 
立ち片手フェラ 
立ち両手フェラ 
立ちノーハンドフェラ 
椅子またがりフェラ 
ベンチフェラ 
パイズリ 
腕はさみパイズリ 
押し付けパイズリ 
パイズリ+咥え 
椅子パイズリ 
椅子腕はさみパイズリ 
椅子パイズリ+舐め 
椅子パイズリ+咥え 
立ちパイズリ 
立ち腕はさみパイズリ 
立ちパイズリ+咥え 
プールパイズリ 
Bookshelf Caress 
Bookshelf Caress 
Bookshelf Caress 
Bookshelf Caress 
Bookshelf Caress 
Glans Rubbing 
Glans Rubbing 
One-Hand Handjob 
One-Hand Handjob 
Seated Glans Rubbing 
Seated Glans Rubbing 
Two-Hand Handjob 
Two-Hand Handjob 
One-Hand Blowjob 
One-Hand Blowjob 
Two-Hand Blowjob 
Two-Hand Blowjob 
Tip & Shaft Licking 
Tip & Shaft Licking 
One-Hand Blowjob 
One-Hand Blowjob 
Bookshelf Caress 
Bookshelf Caress 
One-Hand Blowjob 
One-Hand Blowjob 
Tip & Shaft Licking 
Tip & Shaft Licking 
One-Hand Blowjob 
One-Hand Blowjob 
Two-Hand Blowjob 
Two-Hand Blowjob 
One-Hand Handjob 
One-Hand Handjob 
Caress (sitting) 
Caress (sitting) 
Seated One-Hand Handjob 
Seated One-Hand Handjob 
Two-Hand Handjob 
Two-Hand Handjob 
Caress (stand) 
Caress (stand) 
Two-Hand Handjob 
Two-Hand Handjob 
One-Hand Handjob 
One-Hand Handjob 
Bookshelf Caress 
Bookshelf Caress 
One-Hand Blowjob 
One-Hand Blowjob 
Bookshelf Caress 
One-Hand Handjob 
本棚愛撫 
片手コキ 
亀頭いじり 
両手コキ 
立ちオナホ手コキ 
本棚愛撫 
片手コキ 
本棚愛撫 
片手コキ 
本棚愛撫 
片手コキ 
立ちオナホ手コキ 
密着手コキ 
Bookshelf Caress 
Missionary 
Bookshelf Caress 
Missionary 
Bookshelf Caress 
Missionary 
Bookshelf Caress 
Missionary 
One-Hand Handjob 
Bookshelf Caress 
Cowgirl 
Bookshelf Caress 
Bookshelf Caress 
One-Hand Handjob 
One-Hand Handjob 
Glans Rubbing 
Glans Rubbing 
One-Hand Handjob 
One-Hand Handjob 
Cowgirl 
Cowgirl 
Two-Hand Handjob 
Two-Hand Handjob 
One-Hand Handjob 
One-Hand Handjob 
Paizuri 
Paizuri 
Pressed Paizuri 
Pressed Paizuri 
Bookshelf Caress 
Bookshelf Caress 
Cowgirl 
Cowgirl 
Bookshelf Caress 
Bookshelf Caress 
Cowgirl 
Cowgirl 
One-Hand Handjob 
One-Hand Handjob 
Cowgirl 
Cowgirl 
Seated Spooning 
Seated Spooning 
One-Hand Handjob 
One-Hand Handjob 
Cowgirl 
Cowgirl 
Paizuri 
Paizuri 
Bookshelf Caress 
One-Hand Blowjob 
Cowgirl 
Bookshelf Caress 
Holding Legs Missionary 
Missionary 
Bookshelf Caress 
Seated Facing 
Bookshelf Caress 
Bookshelf Caress 
One-Hand Blowjob 
Two-Hand Blowjob 
One-Hand Handjob 
Cowgirl 
Pressed Paizuri 
One-Hand Handjob 
Bookshelf Caress 
Doggystyle 
Bookshelf Caress 
Doggystyle 
Arm-Grab Doggystyle 
Doggystyle 
Bookshelf Caress 
Arm-Grab Doggystyle 
Arm-Grab Doggystyle 
Doggystyle 
Arm-Grab Doggystyle 
Doggystyle Against Chair 
Doggystyle 
Arm-Grab Doggystyle 
Doggystyle Against Chair 
Arm-Grab Doggystyle Against Seat 
Doggystyle Against Chair 
Arm-Grab Doggystyle Against Seat 
Doggystyle Against Desk 
Spooning On Desk 
Spooning 
Ekiben 
Lying Doggystyle 
Bookshelf Caress 
One-Hand Blowjob 
Two-Hand Blowjob 
Paizuri 
Standing One-Hand Handjob 
One-Hand Handjob 
Standing Onahole Handjob 
Missionary 
Cowgirl 
Doggystyle 
One-Hand Handjob 
Caress (chair) 
Seated Facing 
Seated Paizuri 
Paizuri & Sucking 
Pool Paizuri 
Caress (chair) 
Seated One-Hand Handjob 
Bookshelf Caress 
Standing No-Hand Blowjob 
Caress (chair) 
Doggystyle Against Chair 
Seated Paizuri & Sucking 
Seated Paizuri 
Doggystyle 
Crowded Handjob 
Pressed Paizuri 
Caress (stand) 
Pressed Paizuri 
Standing Hand-Assisted Paizuri 
Standing Paizuri 
Standing One-Hand Blowjob 
Standing Handjob & Ball Licking 
Standing Two-Hand Blowjob 
Standing Handjob & Ballrub 
Standing Onahole Handjob 
Bookshelf Caress 
Doggystyle Against Desk 
Bookshelf Caress 
Doggystyle Against Desk 
Doggystyle Against Chair 
Doggystyle Against Desk 
Doggystyle Against Chair 
Arm-Grab Doggystyle Against Desk 
Doggystyle Against Wall 
Doggystyle Against Chair 
Arm-Grab Doggystyle Against Seat 
Doggystyle Against Chair 
Arm-Grab Doggystyle Against Seat 
Doggystyle Against Desk 
Arm-Grab Doggystyle Against Desk 
Doggystyle Against Desk 
Arm-Grab Doggystyle Against Desk 
Doggystyle Against Wall 
Caress (stand) 
Arm-Grab Doggystyle Against Desk 
Doggystyle Against Wall 
Bookshelf Caress 
Doggystyle Against Wall 
Leg Lifted Doggystyle Against Wall 
Doggystyle In Pool 
Doggystyle Against Fence 
Lying Doggystyle 
Bookshelf Caress 
Bookshelf Caress 
One-Hand Handjob 
Cowgirl 
Doggystyle 
Arm-Grab Doggystyle 
Seated No-Hand Tip Licking 
Seated Two-Hand Blowjob 
Standing Handjob & Ball Licking 
One-Hand Handjob 
Two-Hand Handjob 
Standing One-Hand Handjob 
Standing Handjob & Ballrub 
Standing Onahole Handjob 
Standing One-Hand Handjob 
Pressed From Behind 
Pressed Paizuri 
Sitting Blowjob 
Caress (chair) 
Bench Blowjob 
Sitting Blowjob 
Seated Hand-Assisted Paizuri 
Seated Paizuri & Licking 
Seated Paizuri & Sucking 
Seated Paizuri 
Bookshelf Caress 
One-Hand Blowjob 
Two-Hand Blowjob 
Standing No-Hand Blowjob 
Cowgirl 
Standing No-Hand Blowjob 
Bookshelf Caress 
Doggystyle 
Bookshelf Caress 
One-Hand Handjob 
Arm-Grab Doggystyle 
Crowded Handjob 
One-Hand Blowjob 
Doggystyle Against Wall 
Crowded Handjob 
Doggystyle 
One-Hand Blowjob 
Bookshelf Caress 
Missionary 
Holding Legs Missionary 
Seated Facing 
Doggystyle Against Desk 
Piledriver Missionary 
Spooning 
Bookshelf Caress 
Bookshelf Caress 
One-Hand Handjob 
One-Hand Handjob 
Two-Hand Handjob 
Two-Hand Handjob 
One-Hand Handjob 
One-Hand Handjob 
Two-Hand Handjob 
Two-Hand Handjob 
Cowgirl 
Cowgirl 
One-Hand Handjob 
One-Hand Handjob 
Two-Hand Handjob 
Two-Hand Handjob 
Standing One-Hand Handjob 
Standing One-Hand Handjob 
Seated One-Hand Handjob 
Seated One-Hand Handjob 
Seated Glans Rubbing 
Seated Glans Rubbing 
Standing Onahole Handjob 
Standing Onahole Handjob 
Standing One-Hand Handjob 
Standing One-Hand Handjob 
Standing Handjob & Ballrub 
Standing Handjob & Ballrub 
Paizuri 
Paizuri 
Hand-Assisted Paizuri 
Hand-Assisted Paizuri 
Seated Hand-Assisted Paizuri 
Seated Hand-Assisted Paizuri 
Seated Paizuri & Sucking 
Seated Paizuri & Sucking 
Standing Paizuri & Sucking 
Standing Paizuri & Sucking 
Pressed Paizuri 
Pressed Paizuri 
Missionary 
Missionary 
Bookshelf Caress 
Bookshelf Caress 
One-Hand Handjob 
One-Hand Handjob 
Standing One-Hand Handjob 
Standing One-Hand Handjob 
Bookshelf Caress 
Bookshelf Caress 
Paizuri 
Paizuri 
Bookshelf Caress 
Bookshelf Caress 
Standing Handjob & Ballrub 
Standing Handjob & Ballrub 
Crowded Handjob 
Crowded Handjob 
Standing One-Hand Handjob 
Standing One-Hand Handjob 
Seated Glans Rubbing 
Seated Glans Rubbing 
Seated One-Hand Handjob 
Seated One-Hand Handjob 
Bookshelf Caress 
Bookshelf Caress 
Paizuri 
Paizuri 
Seated Paizuri & Licking 
Seated Paizuri & Licking 
Pressed Paizuri 
Pressed Paizuri 
Standing Glans Rubbing 
Standing Glans Rubbing 
Seated One-Hand Handjob 
Seated One-Hand Handjob 
One-Hand Handjob 
One-Hand Handjob 
Seated One-Hand Handjob 
Seated One-Hand Handjob 
One-Hand Handjob 
One-Hand Handjob 
Seated One-Hand Handjob 
Seated One-Hand Handjob 
Bookshelf Caress 
Sofa Cowgirl 
Spooning 
Bookshelf Caress 
Spooning 
Seated Spooning 
Spooning On Desk 
Leg Lifted Facing Against Wall 
Standing 
Bookshelf Caress 
Standing 
Vaulting Horse Doggystyle 
Ekiben 
Ekiben Grabbing Fence 
Leg Lifted Facing Against Wall 
Laying On Desk 
Missionary 
Laying On Desk 
Missionary 
Laying On Desk 
Missionary 
Laying On Desk 
Mating Press 
Pressed From Behind 
Seated Spooning 
Sofa Cowgirl 
Standing 
Pressed From Behind 
Caress (stand) 
Pressed From Behind 
本棚愛撫


正常位
開脚正常位
後背位
腕引っ張り後背位
騎乗位
側位
立位
駅弁
椅子対面
椅子背面
椅子バック
腕引っ張り椅子バック
机寝位
机バック
腕引っ張り机バック
机側位
壁対面片足上げ
壁バック
片足上げ壁バック
プールバック
フェンス後背位
フェンス掴まり駅弁
種付けプレス
マングリ正常位
跳び箱バック
寝バック
ソファ騎乗位
押し付けバック
