{"message":"hi","level":"error","service":"user-service"}
error: hi {"service":"user-service"}
error: hi
error: hi {"timestamp":"2021-05-23T16:30:52.035Z"}
error: hi {"timestamp":"2021-05-27T15:53:50.259Z"}
error: hi {"timestamp":"2021-05-27T16:06:06.351Z"}
error: hi {"timestamp":"2021-05-27T16:16:01.892Z"}
error: 立ち愛撫 {"timestamp":"2021-06-03T12:34:39.629Z"}
error: 片手コキ {"timestamp":"2021-06-03T12:34:56.464Z"}
error: 両手コキ {"timestamp":"2021-06-03T12:35:04.990Z"}
error: 立ち片手フェラ {"timestamp":"2021-06-03T12:35:13.597Z"}
error: 立ち愛撫 {"timestamp":"2021-06-07T13:50:33.531Z"}
error: 亀頭いじり {"timestamp":"2021-06-07T13:50:50.476Z"}
error: 片手コキ {"timestamp":"2021-06-07T13:51:59.028Z"}
error: 両手コキ {"timestamp":"2021-06-07T13:52:01.722Z"}
error: 立ち亀頭いじり {"timestamp":"2021-06-07T13:52:04.318Z"}
error: 立ち片手コキ {"timestamp":"2021-06-07T13:52:06.543Z"}
error: 立ち手コキ玉いじり {"timestamp":"2021-06-07T13:52:08.779Z"}
error: 立ちオナホ手コキ {"timestamp":"2021-06-07T13:52:10.818Z"}
error: 先舐め＋竿舐め {"timestamp":"2021-06-07T13:52:13.477Z"}
error: 片手フェラ {"timestamp":"2021-06-07T13:52:15.227Z"}
error: 両手フェラ {"timestamp":"2021-06-07T13:52:16.951Z"}
error: 立ち玉舐め手コキ {"timestamp":"2021-06-07T13:52:18.641Z"}
error: 立ち片手フェラ {"timestamp":"2021-06-07T13:52:20.342Z"}
error: 立ち両手フェラ {"timestamp":"2021-06-07T13:52:22.105Z"}
error: 立ちノーハンドフェラ {"timestamp":"2021-06-07T13:52:23.756Z"}
error: パイズリ {"timestamp":"2021-06-07T13:52:26.200Z"}
error: 腕はさみパイズリ {"timestamp":"2021-06-07T13:52:28.499Z"}
error: 押し付けパイズリ {"timestamp":"2021-06-07T13:52:30.077Z"}
error: パイズリ+咥え {"timestamp":"2021-06-07T13:52:32.106Z"}
error: 立ちパイズリ {"timestamp":"2021-06-07T13:52:33.665Z"}
error: 立ち腕はさみパイズリ {"timestamp":"2021-06-07T13:52:35.357Z"}
error: 立ちパイズリ+咥え {"timestamp":"2021-06-07T13:52:37.123Z"}
error: 本棚愛撫 {"timestamp":"2021-06-07T14:06:10.263Z"}
error: 立ち愛撫 {"timestamp":"2021-06-07T14:06:41.730Z"}
error: 仰向け愛撫 {"timestamp":"2021-06-07T14:06:50.480Z"}
error: 四つん這い愛撫 {"timestamp":"2021-06-07T14:07:04.968Z"}
error: 亀頭いじり {"timestamp":"2021-06-07T14:07:23.056Z"}
error: 片手コキ {"timestamp":"2021-06-07T14:07:41.161Z"}
error: 両手コキ {"timestamp":"2021-06-07T14:07:44.250Z"}
error: 椅子亀頭いじり {"timestamp":"2021-06-07T14:07:48.551Z"}
error: 椅子片手コキ {"timestamp":"2021-06-07T14:07:50.632Z"}
error: 立ち亀頭いじり {"timestamp":"2021-06-07T14:07:52.362Z"}
error: 立ち片手コキ {"timestamp":"2021-06-07T14:07:54.101Z"}
error: 立ち手コキ玉いじり {"timestamp":"2021-06-07T14:07:55.682Z"}
error: 立ちオナホ手コキ {"timestamp":"2021-06-07T14:07:57.187Z"}
error: 密着手コキ {"timestamp":"2021-06-07T14:07:58.839Z"}
error: 先舐め＋竿舐め {"timestamp":"2021-06-07T14:08:01.583Z"}
error: 片手フェラ {"timestamp":"2021-06-07T14:08:12.362Z"}
error: 両手フェラ {"timestamp":"2021-06-07T14:08:17.295Z"}
error: 椅子先舐め＋竿舐め {"timestamp":"2021-06-07T14:08:25.157Z"}
error: 椅子ノーハンド先舐め {"timestamp":"2021-06-07T14:08:31.201Z"}
error: 椅子両手フェラ {"timestamp":"2021-06-07T14:08:34.527Z"}
error: 立ち玉舐め手コキ {"timestamp":"2021-06-07T14:08:36.315Z"}
error: 立ち片手フェラ {"timestamp":"2021-06-07T14:08:38.018Z"}
error: 立ち両手フェラ {"timestamp":"2021-06-07T14:08:39.917Z"}
error: 立ちノーハンドフェラ {"timestamp":"2021-06-07T14:08:42.295Z"}
error: 椅子またがりフェラ {"timestamp":"2021-06-07T14:08:44.164Z"}
error: ベンチフェラ {"timestamp":"2021-06-07T14:08:45.961Z"}
error: パイズリ {"timestamp":"2021-06-07T14:08:48.728Z"}
error: 腕はさみパイズリ {"timestamp":"2021-06-07T14:08:50.450Z"}
error: 押し付けパイズリ {"timestamp":"2021-06-07T14:08:52.175Z"}
error: パイズリ+咥え {"timestamp":"2021-06-07T14:08:53.851Z"}
error: 椅子パイズリ {"timestamp":"2021-06-07T14:08:55.459Z"}
error: 椅子腕はさみパイズリ {"timestamp":"2021-06-07T14:08:57.063Z"}
error: 椅子パイズリ+舐め {"timestamp":"2021-06-07T14:08:58.634Z"}
error: 椅子パイズリ+咥え {"timestamp":"2021-06-07T14:09:00.578Z"}
error: 立ちパイズリ {"timestamp":"2021-06-07T14:09:02.667Z"}
error: 立ち腕はさみパイズリ {"timestamp":"2021-06-07T14:09:04.259Z"}
error: 立ちパイズリ+咥え {"timestamp":"2021-06-07T14:09:06.185Z"}
error: プールパイズリ {"timestamp":"2021-06-07T14:09:07.937Z"}
error: Bookshelf Caress {"timestamp":"2021-06-07T14:12:11.786Z"}
error: Bookshelf Caress {"timestamp":"2021-06-10T20:54:14.389Z"}
error: Bookshelf Caress {"timestamp":"2021-06-10T20:54:14.396Z"}
error: Bookshelf Caress {"timestamp":"2021-06-10T20:57:05.141Z"}
error: Bookshelf Caress {"timestamp":"2021-06-10T20:57:05.143Z"}
error: Glans Rubbing {"timestamp":"2021-06-10T21:07:25.855Z"}
error: Glans Rubbing {"timestamp":"2021-06-10T21:07:25.862Z"}
error: One-Hand Handjob {"timestamp":"2021-06-10T21:07:38.845Z"}
error: One-Hand Handjob {"timestamp":"2021-06-10T21:07:38.847Z"}
error: Seated Glans Rubbing {"timestamp":"2021-06-10T21:08:28.483Z"}
error: Seated Glans Rubbing {"timestamp":"2021-06-10T21:08:28.485Z"}
error: Two-Hand Handjob {"timestamp":"2021-06-10T21:08:31.044Z"}
error: Two-Hand Handjob {"timestamp":"2021-06-10T21:08:31.048Z"}
error: One-Hand Blowjob {"timestamp":"2021-06-10T21:10:19.706Z"}
error: One-Hand Blowjob {"timestamp":"2021-06-10T21:10:19.711Z"}
error: Two-Hand Blowjob {"timestamp":"2021-06-10T21:11:14.894Z"}
error: Two-Hand Blowjob {"timestamp":"2021-06-10T21:11:14.898Z"}
error: Tip & Shaft Licking {"timestamp":"2021-06-10T21:15:29.646Z"}
error: Tip & Shaft Licking {"timestamp":"2021-06-10T21:15:29.652Z"}
error: One-Hand Blowjob {"timestamp":"2021-06-10T21:15:39.407Z"}
error: One-Hand Blowjob {"timestamp":"2021-06-10T21:15:39.412Z"}
error: Bookshelf Caress {"timestamp":"2021-06-10T21:18:25.882Z"}
error: Bookshelf Caress {"timestamp":"2021-06-10T21:18:25.883Z"}
error: One-Hand Blowjob {"timestamp":"2021-06-10T21:19:45.655Z"}
error: One-Hand Blowjob {"timestamp":"2021-06-10T21:19:45.660Z"}
error: Tip & Shaft Licking {"timestamp":"2021-06-10T21:20:56.158Z"}
error: Tip & Shaft Licking {"timestamp":"2021-06-10T21:20:56.162Z"}
error: One-Hand Blowjob {"timestamp":"2021-06-10T21:21:19.384Z"}
error: One-Hand Blowjob {"timestamp":"2021-06-10T21:21:19.390Z"}
error: Two-Hand Blowjob {"timestamp":"2021-06-10T21:22:05.735Z"}
error: Two-Hand Blowjob {"timestamp":"2021-06-10T21:22:05.739Z"}
error: One-Hand Handjob {"timestamp":"2021-06-10T21:24:49.738Z"}
error: One-Hand Handjob {"timestamp":"2021-06-10T21:24:49.743Z"}
error: Caress (sitting) {"timestamp":"2021-06-10T21:27:53.604Z"}
error: Caress (sitting) {"timestamp":"2021-06-10T21:27:53.607Z"}
error: Seated One-Hand Handjob {"timestamp":"2021-06-10T21:28:15.217Z"}
error: Seated One-Hand Handjob {"timestamp":"2021-06-10T21:28:15.220Z"}
error: Two-Hand Handjob {"timestamp":"2021-06-10T21:28:28.925Z"}
error: Two-Hand Handjob {"timestamp":"2021-06-10T21:28:28.929Z"}
error: Caress (stand) {"timestamp":"2021-06-10T21:28:47.051Z"}
error: Caress (stand) {"timestamp":"2021-06-10T21:28:47.053Z"}
error: Two-Hand Handjob {"timestamp":"2021-06-10T21:29:02.640Z"}
error: Two-Hand Handjob {"timestamp":"2021-06-10T21:29:02.643Z"}
error: One-Hand Handjob {"timestamp":"2021-06-10T21:29:20.889Z"}
error: One-Hand Handjob {"timestamp":"2021-06-10T21:29:20.893Z"}
error: Bookshelf Caress {"timestamp":"2021-06-10T21:36:39.179Z"}
error: Bookshelf Caress {"timestamp":"2021-06-10T21:36:39.181Z"}
error: One-Hand Blowjob {"timestamp":"2021-06-10T21:37:04.326Z"}
error: One-Hand Blowjob {"timestamp":"2021-06-10T21:37:04.330Z"}
error: Bookshelf Caress {"timestamp":"2021-06-12T10:16:18.385Z"}
error: One-Hand Handjob {"timestamp":"2021-06-12T10:17:21.143Z"}
error: 本棚愛撫 {"timestamp":"2021-06-12T10:30:07.075Z"}
error: 片手コキ {"timestamp":"2021-06-12T10:30:18.497Z"}
error: 亀頭いじり {"timestamp":"2021-06-12T10:31:52.116Z"}
error: 両手コキ {"timestamp":"2021-06-12T10:32:12.624Z"}
error: 立ちオナホ手コキ {"timestamp":"2021-06-12T10:32:57.477Z"}
error: 本棚愛撫 {"timestamp":"2021-06-12T11:02:26.798Z"}
error: 片手コキ {"timestamp":"2021-06-12T11:02:48.610Z"}
error: 本棚愛撫 {"timestamp":"2021-06-12T11:07:12.072Z"}
error: 片手コキ {"timestamp":"2021-06-12T11:07:24.153Z"}
error: 本棚愛撫 {"timestamp":"2021-06-12T11:08:42.191Z"}
error: 片手コキ {"timestamp":"2021-06-12T11:08:54.367Z"}
error: 立ちオナホ手コキ {"timestamp":"2021-06-12T11:16:07.359Z"}
error: 密着手コキ {"timestamp":"2021-06-12T11:16:55.848Z"}
error: Bookshelf Caress {"timestamp":"2021-06-13T11:24:14.057Z"}
error: Missionary {"timestamp":"2021-06-13T11:24:49.201Z"}
error: Bookshelf Caress {"timestamp":"2021-06-13T12:52:59.998Z"}
error: Missionary {"timestamp":"2021-06-13T12:59:29.428Z"}
error: Bookshelf Caress {"timestamp":"2021-06-14T14:57:59.242Z"}
error: Missionary {"timestamp":"2021-06-14T14:58:14.056Z"}
error: Bookshelf Caress {"timestamp":"2021-06-14T15:01:01.719Z"}
error: Missionary {"timestamp":"2021-06-14T15:01:31.922Z"}
error: One-Hand Handjob {"timestamp":"2021-06-14T15:07:39.673Z"}
error: Bookshelf Caress {"timestamp":"2021-06-14T16:26:47.864Z"}
error: Cowgirl {"timestamp":"2021-06-14T16:27:49.724Z"}
error: Bookshelf Caress {"timestamp":"2021-06-14T17:12:59.621Z"}
error: Bookshelf Caress {"timestamp":"2021-06-14T17:12:59.625Z"}
error: One-Hand Handjob {"timestamp":"2021-06-14T17:16:18.010Z"}
error: One-Hand Handjob {"timestamp":"2021-06-14T17:16:18.014Z"}
error: Glans Rubbing {"timestamp":"2021-06-14T17:16:29.240Z"}
error: Glans Rubbing {"timestamp":"2021-06-14T17:16:29.243Z"}
error: One-Hand Handjob {"timestamp":"2021-06-14T17:16:38.439Z"}
error: One-Hand Handjob {"timestamp":"2021-06-14T17:16:38.442Z"}
error: Cowgirl {"timestamp":"2021-06-14T17:20:52.794Z"}
error: Cowgirl {"timestamp":"2021-06-14T17:20:52.797Z"}
error: Two-Hand Handjob {"timestamp":"2021-06-14T17:27:33.474Z"}
error: Two-Hand Handjob {"timestamp":"2021-06-14T17:27:33.478Z"}
error: One-Hand Handjob {"timestamp":"2021-06-14T17:28:02.599Z"}
error: One-Hand Handjob {"timestamp":"2021-06-14T17:28:02.602Z"}
error: Paizuri {"timestamp":"2021-06-14T17:31:26.804Z"}
error: Paizuri {"timestamp":"2021-06-14T17:31:26.808Z"}
error: Pressed Paizuri {"timestamp":"2021-06-14T17:32:57.878Z"}
error: Pressed Paizuri {"timestamp":"2021-06-14T17:32:57.882Z"}
error: Bookshelf Caress {"timestamp":"2021-06-14T17:35:53.027Z"}
error: Bookshelf Caress {"timestamp":"2021-06-14T17:35:53.028Z"}
error: Cowgirl {"timestamp":"2021-06-14T17:36:16.446Z"}
error: Cowgirl {"timestamp":"2021-06-14T17:36:16.449Z"}
error: Bookshelf Caress {"timestamp":"2021-06-14T17:40:52.598Z"}
error: Bookshelf Caress {"timestamp":"2021-06-14T17:40:52.598Z"}
error: Cowgirl {"timestamp":"2021-06-14T17:41:11.990Z"}
error: Cowgirl {"timestamp":"2021-06-14T17:41:11.993Z"}
error: One-Hand Handjob {"timestamp":"2021-06-14T17:44:00.484Z"}
error: One-Hand Handjob {"timestamp":"2021-06-14T17:44:00.487Z"}
error: Cowgirl {"timestamp":"2021-06-14T17:45:01.481Z"}
error: Cowgirl {"timestamp":"2021-06-14T17:45:01.483Z"}
error: Seated Spooning {"timestamp":"2021-06-14T17:45:50.929Z"}
error: Seated Spooning {"timestamp":"2021-06-14T17:45:50.933Z"}
error: One-Hand Handjob {"timestamp":"2021-06-14T17:46:03.136Z"}
error: One-Hand Handjob {"timestamp":"2021-06-14T17:46:03.138Z"}
error: Cowgirl {"timestamp":"2021-06-14T17:47:24.698Z"}
error: Cowgirl {"timestamp":"2021-06-14T17:47:24.701Z"}
error: Paizuri {"timestamp":"2021-06-14T17:48:49.943Z"}
error: Paizuri {"timestamp":"2021-06-14T17:48:49.946Z"}
error: Bookshelf Caress {"timestamp":"2021-06-15T14:17:21.612Z"}
error: One-Hand Blowjob {"timestamp":"2021-06-15T14:18:05.206Z"}
error: Cowgirl {"timestamp":"2021-06-15T14:21:37.112Z"}
error: Bookshelf Caress {"timestamp":"2021-06-15T14:50:32.252Z"}
error: Holding Legs Missionary {"timestamp":"2021-06-15T14:51:11.694Z"}
error: Missionary {"timestamp":"2021-06-15T14:58:50.423Z"}
error: Bookshelf Caress {"timestamp":"2021-06-15T16:45:54.974Z"}
error: Seated Facing {"timestamp":"2021-06-15T16:46:48.687Z"}
error: Bookshelf Caress {"timestamp":"2021-06-15T17:17:49.581Z"}
error: Bookshelf Caress {"timestamp":"2021-06-15T17:27:20.882Z"}
error: One-Hand Blowjob {"timestamp":"2021-06-15T17:28:01.144Z"}
error: Two-Hand Blowjob {"timestamp":"2021-06-15T17:30:00.472Z"}
error: One-Hand Handjob {"timestamp":"2021-06-15T17:30:49.185Z"}
error: Cowgirl {"timestamp":"2021-06-15T17:33:53.970Z"}
error: Pressed Paizuri {"timestamp":"2021-06-15T17:34:54.266Z"}
error: One-Hand Handjob {"timestamp":"2021-06-15T17:36:51.379Z"}
error: Bookshelf Caress {"timestamp":"2021-06-16T16:23:03.713Z"}
error: Doggystyle {"timestamp":"2021-06-16T16:23:36.086Z"}
error: Bookshelf Caress {"timestamp":"2021-06-16T16:26:26.955Z"}
error: Doggystyle {"timestamp":"2021-06-16T16:26:39.090Z"}
error: Arm-Grab Doggystyle {"timestamp":"2021-06-16T16:49:29.449Z"}
error: Doggystyle {"timestamp":"2021-06-16T16:49:32.866Z"}
error: Bookshelf Caress {"timestamp":"2021-06-17T14:26:43.378Z"}
error: Arm-Grab Doggystyle {"timestamp":"2021-06-17T14:26:43.886Z"}
error: Arm-Grab Doggystyle {"timestamp":"2021-06-17T14:28:50.641Z"}
error: Doggystyle {"timestamp":"2021-06-17T14:32:09.571Z"}
error: Arm-Grab Doggystyle {"timestamp":"2021-06-17T14:32:28.403Z"}
error: Doggystyle Against Chair {"timestamp":"2021-06-17T14:33:51.179Z"}
error: Doggystyle {"timestamp":"2021-06-17T14:36:09.863Z"}
error: Arm-Grab Doggystyle {"timestamp":"2021-06-17T14:36:31.910Z"}
error: Doggystyle Against Chair {"timestamp":"2021-06-17T14:36:46.418Z"}
error: Arm-Grab Doggystyle Against Seat {"timestamp":"2021-06-17T14:42:18.377Z"}
error: Doggystyle Against Chair {"timestamp":"2021-06-17T14:48:25.539Z"}
error: Arm-Grab Doggystyle Against Seat {"timestamp":"2021-06-17T14:48:41.212Z"}
error: Doggystyle Against Desk {"timestamp":"2021-06-17T14:53:07.121Z"}
error: Spooning On Desk {"timestamp":"2021-06-17T14:58:53.237Z"}
error: Spooning {"timestamp":"2021-06-17T14:59:02.643Z"}
error: Ekiben {"timestamp":"2021-06-17T15:00:49.609Z"}
error: Lying Doggystyle {"timestamp":"2021-06-17T15:01:01.165Z"}
error: Bookshelf Caress {"timestamp":"2021-06-17T16:51:07.678Z"}
error: One-Hand Blowjob {"timestamp":"2021-06-17T16:53:38.666Z"}
error: Two-Hand Blowjob {"timestamp":"2021-06-17T16:56:31.606Z"}
error: Paizuri {"timestamp":"2021-06-17T16:57:03.498Z"}
error: Standing One-Hand Handjob {"timestamp":"2021-06-17T17:02:41.803Z"}
error: One-Hand Handjob {"timestamp":"2021-06-17T17:08:45.366Z"}
error: Standing Onahole Handjob {"timestamp":"2021-06-17T17:10:07.045Z"}
error: Missionary {"timestamp":"2021-06-17T17:12:05.181Z"}
error: Cowgirl {"timestamp":"2021-06-17T17:15:01.988Z"}
error: Doggystyle {"timestamp":"2021-06-17T17:17:05.209Z"}
error: One-Hand Handjob {"timestamp":"2021-06-17T17:17:50.477Z"}
error: Caress (chair) {"timestamp":"2021-06-17T17:19:54.522Z"}
error: Seated Facing {"timestamp":"2021-06-17T17:20:13.054Z"}
error: Seated Paizuri {"timestamp":"2021-06-17T17:22:02.845Z"}
error: Paizuri & Sucking {"timestamp":"2021-06-17T17:24:01.008Z"}
error: Pool Paizuri {"timestamp":"2021-06-17T17:24:30.033Z"}
error: Caress (chair) {"timestamp":"2021-06-17T17:25:29.012Z"}
error: Seated One-Hand Handjob {"timestamp":"2021-06-17T17:25:56.992Z"}
error: Bookshelf Caress {"timestamp":"2021-06-17T17:28:27.855Z"}
error: Standing No-Hand Blowjob {"timestamp":"2021-06-17T17:28:46.776Z"}
error: Caress (chair) {"timestamp":"2021-06-17T17:31:36.557Z"}
error: Doggystyle Against Chair {"timestamp":"2021-06-17T17:31:49.778Z"}
error: Seated Paizuri & Sucking {"timestamp":"2021-06-17T17:32:23.150Z"}
error: Seated Paizuri {"timestamp":"2021-06-17T17:32:59.802Z"}
error: Doggystyle {"timestamp":"2021-06-17T17:34:13.860Z"}
error: Crowded Handjob {"timestamp":"2021-06-17T17:34:36.025Z"}
error: Pressed Paizuri {"timestamp":"2021-06-17T17:35:31.759Z"}
error: Caress (stand) {"timestamp":"2021-06-17T17:35:41.618Z"}
error: Pressed Paizuri {"timestamp":"2021-06-17T17:35:51.471Z"}
error: Standing Hand-Assisted Paizuri {"timestamp":"2021-06-17T17:37:23.364Z"}
error: Standing Paizuri {"timestamp":"2021-06-17T17:37:48.534Z"}
error: Standing One-Hand Blowjob {"timestamp":"2021-06-17T17:39:28.610Z"}
error: Standing Handjob & Ball Licking {"timestamp":"2021-06-17T17:39:43.991Z"}
error: Standing Two-Hand Blowjob {"timestamp":"2021-06-17T17:41:21.039Z"}
error: Standing Handjob & Ballrub {"timestamp":"2021-06-17T17:42:30.205Z"}
error: Standing Onahole Handjob {"timestamp":"2021-06-17T17:48:20.645Z"}
error: Bookshelf Caress {"timestamp":"2021-06-18T14:12:43.167Z"}
error: Doggystyle Against Desk {"timestamp":"2021-06-18T14:14:12.428Z"}
error: Bookshelf Caress {"timestamp":"2021-06-18T14:19:34.023Z"}
error: Doggystyle Against Desk {"timestamp":"2021-06-18T14:19:50.587Z"}
error: Doggystyle Against Chair {"timestamp":"2021-06-18T14:20:35.811Z"}
error: Doggystyle Against Desk {"timestamp":"2021-06-18T14:20:40.089Z"}
error: Doggystyle Against Chair {"timestamp":"2021-06-18T14:21:29.243Z"}
error: Arm-Grab Doggystyle Against Desk {"timestamp":"2021-06-18T14:21:37.406Z"}
error: Doggystyle Against Wall {"timestamp":"2021-06-18T14:21:46.986Z"}
error: Doggystyle Against Chair {"timestamp":"2021-06-18T14:21:57.276Z"}
error: Arm-Grab Doggystyle Against Seat {"timestamp":"2021-06-18T14:22:09.145Z"}
error: Doggystyle Against Chair {"timestamp":"2021-06-18T14:23:06.893Z"}
error: Arm-Grab Doggystyle Against Seat {"timestamp":"2021-06-18T14:23:10.060Z"}
error: Doggystyle Against Desk {"timestamp":"2021-06-18T14:23:15.461Z"}
error: Arm-Grab Doggystyle Against Desk {"timestamp":"2021-06-18T14:23:18.257Z"}
error: Doggystyle Against Desk {"timestamp":"2021-06-18T14:23:30.432Z"}
error: Arm-Grab Doggystyle Against Desk {"timestamp":"2021-06-18T14:23:50.284Z"}
error: Doggystyle Against Wall {"timestamp":"2021-06-18T14:29:22.540Z"}
error: Caress (stand) {"timestamp":"2021-06-18T14:54:33.076Z"}
error: Arm-Grab Doggystyle Against Desk {"timestamp":"2021-06-18T14:54:39.112Z"}
error: Doggystyle Against Wall {"timestamp":"2021-06-18T14:54:43.609Z"}
error: Bookshelf Caress {"timestamp":"2021-06-18T14:55:52.696Z"}
error: Doggystyle Against Wall {"timestamp":"2021-06-18T14:56:14.222Z"}
error: Leg Lifted Doggystyle Against Wall {"timestamp":"2021-06-18T14:57:21.151Z"}
error: Doggystyle In Pool {"timestamp":"2021-06-18T15:05:29.822Z"}
error: Doggystyle Against Fence {"timestamp":"2021-06-18T15:12:14.318Z"}
error: Lying Doggystyle {"timestamp":"2021-06-18T15:15:57.658Z"}
error: Bookshelf Caress {"timestamp":"2021-06-18T16:53:31.374Z"}
error: Bookshelf Caress {"timestamp":"2021-06-18T17:00:20.116Z"}
error: One-Hand Handjob {"timestamp":"2021-06-18T17:07:14.889Z"}
error: Cowgirl {"timestamp":"2021-06-18T17:09:15.707Z"}
error: Doggystyle {"timestamp":"2021-06-18T17:12:02.875Z"}
error: Arm-Grab Doggystyle {"timestamp":"2021-06-18T17:12:47.361Z"}
error: Seated No-Hand Tip Licking {"timestamp":"2021-06-18T17:13:28.360Z"}
error: Seated Two-Hand Blowjob {"timestamp":"2021-06-18T17:14:10.075Z"}
error: Standing Handjob & Ball Licking {"timestamp":"2021-06-18T17:14:15.636Z"}
error: One-Hand Handjob {"timestamp":"2021-06-18T17:16:23.017Z"}
error: Two-Hand Handjob {"timestamp":"2021-06-18T17:17:06.128Z"}
error: Standing One-Hand Handjob {"timestamp":"2021-06-18T17:20:29.281Z"}
error: Standing Handjob & Ballrub {"timestamp":"2021-06-18T17:20:29.475Z"}
error: Standing Onahole Handjob {"timestamp":"2021-06-18T17:21:12.255Z"}
error: Standing One-Hand Handjob {"timestamp":"2021-06-18T17:23:23.841Z"}
error: Pressed From Behind {"timestamp":"2021-06-18T17:25:19.574Z"}
error: Pressed Paizuri {"timestamp":"2021-06-18T17:25:59.589Z"}
error: Sitting Blowjob {"timestamp":"2021-06-18T17:28:23.247Z"}
error: Caress (chair) {"timestamp":"2021-06-18T17:28:30.996Z"}
error: Bench Blowjob {"timestamp":"2021-06-18T17:28:39.847Z"}
error: Sitting Blowjob {"timestamp":"2021-06-18T17:28:51.415Z"}
error: Seated Hand-Assisted Paizuri {"timestamp":"2021-06-18T17:29:48.616Z"}
error: Seated Paizuri & Licking {"timestamp":"2021-06-18T17:32:46.494Z"}
error: Seated Paizuri & Sucking {"timestamp":"2021-06-18T17:33:03.172Z"}
error: Seated Paizuri {"timestamp":"2021-06-18T17:34:49.424Z"}
error: Bookshelf Caress {"timestamp":"2021-06-18T17:38:51.503Z"}
error: One-Hand Blowjob {"timestamp":"2021-06-18T17:39:10.789Z"}
error: Two-Hand Blowjob {"timestamp":"2021-06-18T17:42:31.504Z"}
error: Standing No-Hand Blowjob {"timestamp":"2021-06-18T17:42:57.818Z"}
error: Cowgirl {"timestamp":"2021-06-18T17:44:55.900Z"}
error: Standing No-Hand Blowjob {"timestamp":"2021-06-18T17:48:17.622Z"}
error: Bookshelf Caress {"timestamp":"2021-06-19T15:07:13.165Z"}
error: Doggystyle {"timestamp":"2021-06-19T15:09:29.413Z"}
error: Bookshelf Caress {"timestamp":"2021-06-19T15:11:13.052Z"}
error: One-Hand Handjob {"timestamp":"2021-06-19T15:12:06.647Z"}
error: Arm-Grab Doggystyle {"timestamp":"2021-06-19T15:12:34.132Z"}
error: Crowded Handjob {"timestamp":"2021-06-19T15:15:41.608Z"}
error: One-Hand Blowjob {"timestamp":"2021-06-19T15:15:59.789Z"}
error: Doggystyle Against Wall {"timestamp":"2021-06-19T15:16:43.334Z"}
error: Crowded Handjob {"timestamp":"2021-06-19T15:21:22.563Z"}
error: Doggystyle {"timestamp":"2021-06-19T15:25:19.344Z"}
error: One-Hand Blowjob {"timestamp":"2021-06-19T15:29:40.213Z"}
error: Bookshelf Caress {"timestamp":"2021-06-19T17:50:34.718Z"}
error: Missionary {"timestamp":"2021-06-19T17:57:07.717Z"}
error: Holding Legs Missionary {"timestamp":"2021-06-19T18:05:25.464Z"}
error: Seated Facing {"timestamp":"2021-06-19T18:09:23.333Z"}
error: Doggystyle Against Desk {"timestamp":"2021-06-19T18:11:33.368Z"}
error: Piledriver Missionary {"timestamp":"2021-06-19T18:27:15.880Z"}
error: Spooning {"timestamp":"2021-06-19T18:38:41.811Z"}
error: Bookshelf Caress {"timestamp":"2021-06-19T19:37:44.718Z"}
error: Bookshelf Caress {"timestamp":"2021-06-19T19:37:44.723Z"}
error: One-Hand Handjob {"timestamp":"2021-06-19T19:41:21.895Z"}
error: One-Hand Handjob {"timestamp":"2021-06-19T19:41:21.899Z"}
error: Two-Hand Handjob {"timestamp":"2021-06-19T19:45:26.122Z"}
error: Two-Hand Handjob {"timestamp":"2021-06-19T19:45:26.126Z"}
error: One-Hand Handjob {"timestamp":"2021-06-19T19:46:48.147Z"}
error: One-Hand Handjob {"timestamp":"2021-06-19T19:46:48.150Z"}
error: Two-Hand Handjob {"timestamp":"2021-06-19T19:50:10.490Z"}
error: Two-Hand Handjob {"timestamp":"2021-06-19T19:50:10.495Z"}
error: Cowgirl {"timestamp":"2021-06-19T19:51:19.282Z"}
error: Cowgirl {"timestamp":"2021-06-19T19:51:19.285Z"}
error: One-Hand Handjob {"timestamp":"2021-06-19T19:55:16.204Z"}
error: One-Hand Handjob {"timestamp":"2021-06-19T19:55:16.208Z"}
error: Two-Hand Handjob {"timestamp":"2021-06-19T19:59:18.143Z"}
error: Two-Hand Handjob {"timestamp":"2021-06-19T19:59:18.148Z"}
error: Standing One-Hand Handjob {"timestamp":"2021-06-19T20:00:00.451Z"}
error: Standing One-Hand Handjob {"timestamp":"2021-06-19T20:00:00.455Z"}
error: Seated One-Hand Handjob {"timestamp":"2021-06-19T20:01:13.048Z"}
error: Seated One-Hand Handjob {"timestamp":"2021-06-19T20:01:13.052Z"}
error: Seated Glans Rubbing {"timestamp":"2021-06-19T20:05:17.378Z"}
error: Seated Glans Rubbing {"timestamp":"2021-06-19T20:05:17.382Z"}
error: Standing Onahole Handjob {"timestamp":"2021-06-19T20:05:35.205Z"}
error: Standing Onahole Handjob {"timestamp":"2021-06-19T20:05:35.208Z"}
error: Standing One-Hand Handjob {"timestamp":"2021-06-19T20:09:17.651Z"}
error: Standing One-Hand Handjob {"timestamp":"2021-06-19T20:09:17.658Z"}
error: Standing Handjob & Ballrub {"timestamp":"2021-06-19T20:10:10.837Z"}
error: Standing Handjob & Ballrub {"timestamp":"2021-06-19T20:10:10.840Z"}
error: Paizuri {"timestamp":"2021-06-19T20:12:14.326Z"}
error: Paizuri {"timestamp":"2021-06-19T20:12:14.330Z"}
error: Hand-Assisted Paizuri {"timestamp":"2021-06-19T20:13:41.738Z"}
error: Hand-Assisted Paizuri {"timestamp":"2021-06-19T20:13:41.740Z"}
error: Seated Hand-Assisted Paizuri {"timestamp":"2021-06-19T20:15:28.267Z"}
error: Seated Hand-Assisted Paizuri {"timestamp":"2021-06-19T20:15:28.271Z"}
error: Seated Paizuri & Sucking {"timestamp":"2021-06-19T20:16:13.387Z"}
error: Seated Paizuri & Sucking {"timestamp":"2021-06-19T20:16:13.391Z"}
error: Standing Paizuri & Sucking {"timestamp":"2021-06-19T20:16:42.889Z"}
error: Standing Paizuri & Sucking {"timestamp":"2021-06-19T20:16:42.892Z"}
error: Pressed Paizuri {"timestamp":"2021-06-19T20:17:54.799Z"}
error: Pressed Paizuri {"timestamp":"2021-06-19T20:17:54.803Z"}
error: Missionary {"timestamp":"2021-06-19T20:18:38.301Z"}
error: Missionary {"timestamp":"2021-06-19T20:18:38.304Z"}
error: Bookshelf Caress {"timestamp":"2021-06-19T20:21:45.647Z"}
error: Bookshelf Caress {"timestamp":"2021-06-19T20:21:45.648Z"}
error: One-Hand Handjob {"timestamp":"2021-06-19T20:22:09.659Z"}
error: One-Hand Handjob {"timestamp":"2021-06-19T20:22:09.661Z"}
error: Standing One-Hand Handjob {"timestamp":"2021-06-19T20:23:53.532Z"}
error: Standing One-Hand Handjob {"timestamp":"2021-06-19T20:23:53.535Z"}
error: Bookshelf Caress {"timestamp":"2021-06-19T20:27:02.472Z"}
error: Bookshelf Caress {"timestamp":"2021-06-19T20:27:02.473Z"}
error: Paizuri {"timestamp":"2021-06-19T20:27:30.368Z"}
error: Paizuri {"timestamp":"2021-06-19T20:27:30.371Z"}
error: Bookshelf Caress {"timestamp":"2021-06-19T20:29:06.106Z"}
error: Bookshelf Caress {"timestamp":"2021-06-19T20:29:06.107Z"}
error: Standing Handjob & Ballrub {"timestamp":"2021-06-19T20:29:50.207Z"}
error: Standing Handjob & Ballrub {"timestamp":"2021-06-19T20:29:50.209Z"}
error: Crowded Handjob {"timestamp":"2021-06-19T20:30:11.889Z"}
error: Crowded Handjob {"timestamp":"2021-06-19T20:30:11.892Z"}
error: Standing One-Hand Handjob {"timestamp":"2021-06-19T20:31:07.302Z"}
error: Standing One-Hand Handjob {"timestamp":"2021-06-19T20:31:07.304Z"}
error: Seated Glans Rubbing {"timestamp":"2021-06-19T20:32:03.567Z"}
error: Seated Glans Rubbing {"timestamp":"2021-06-19T20:32:03.571Z"}
error: Seated One-Hand Handjob {"timestamp":"2021-06-19T20:32:16.062Z"}
error: Seated One-Hand Handjob {"timestamp":"2021-06-19T20:32:16.065Z"}
error: Bookshelf Caress {"timestamp":"2021-06-19T20:35:05.400Z"}
error: Bookshelf Caress {"timestamp":"2021-06-19T20:35:05.401Z"}
error: Paizuri {"timestamp":"2021-06-19T20:35:33.067Z"}
error: Paizuri {"timestamp":"2021-06-19T20:35:33.069Z"}
error: Seated Paizuri & Licking {"timestamp":"2021-06-19T20:36:56.019Z"}
error: Seated Paizuri & Licking {"timestamp":"2021-06-19T20:36:56.022Z"}
error: Pressed Paizuri {"timestamp":"2021-06-19T20:37:24.765Z"}
error: Pressed Paizuri {"timestamp":"2021-06-19T20:37:24.768Z"}
error: Standing Glans Rubbing {"timestamp":"2021-06-19T20:38:17.647Z"}
error: Standing Glans Rubbing {"timestamp":"2021-06-19T20:38:17.650Z"}
error: Seated One-Hand Handjob {"timestamp":"2021-06-19T20:38:29.228Z"}
error: Seated One-Hand Handjob {"timestamp":"2021-06-19T20:38:29.231Z"}
error: One-Hand Handjob {"timestamp":"2021-06-19T20:39:22.859Z"}
error: One-Hand Handjob {"timestamp":"2021-06-19T20:39:22.861Z"}
error: Seated One-Hand Handjob {"timestamp":"2021-06-19T20:40:46.304Z"}
error: Seated One-Hand Handjob {"timestamp":"2021-06-19T20:40:46.307Z"}
error: One-Hand Handjob {"timestamp":"2021-06-19T20:41:25.326Z"}
error: One-Hand Handjob {"timestamp":"2021-06-19T20:41:25.329Z"}
error: Seated One-Hand Handjob {"timestamp":"2021-06-19T20:42:06.256Z"}
error: Seated One-Hand Handjob {"timestamp":"2021-06-19T20:42:06.259Z"}
error: Bookshelf Caress {"timestamp":"2021-06-20T08:30:30.084Z"}
error: Sofa Cowgirl {"timestamp":"2021-06-20T08:33:14.256Z"}
error: Spooning {"timestamp":"2021-06-20T08:36:21.919Z"}
error: Bookshelf Caress {"timestamp":"2021-06-20T08:37:12.381Z"}
error: Spooning {"timestamp":"2021-06-20T08:38:08.847Z"}
error: Seated Spooning {"timestamp":"2021-06-20T08:43:22.342Z"}
error: Spooning On Desk {"timestamp":"2021-06-20T08:57:33.188Z"}
error: Leg Lifted Facing Against Wall {"timestamp":"2021-06-20T09:21:37.221Z"}
error: Standing {"timestamp":"2021-06-20T09:22:14.262Z"}
error: Bookshelf Caress {"timestamp":"2021-06-20T09:47:46.283Z"}
error: Standing {"timestamp":"2021-06-20T09:51:20.515Z"}
error: Vaulting Horse Doggystyle {"timestamp":"2021-06-20T09:57:35.244Z"}
error: Ekiben {"timestamp":"2021-06-20T10:18:46.257Z"}
error: Ekiben Grabbing Fence {"timestamp":"2021-06-20T10:32:27.778Z"}
error: Leg Lifted Facing Against Wall {"timestamp":"2021-06-20T10:38:06.738Z"}
error: Laying On Desk {"timestamp":"2021-06-20T10:43:58.235Z"}
error: Missionary {"timestamp":"2021-06-20T10:44:59.767Z"}
error: Laying On Desk {"timestamp":"2021-06-20T10:45:35.896Z"}
error: Missionary {"timestamp":"2021-06-20T10:45:57.399Z"}
error: Laying On Desk {"timestamp":"2021-06-20T10:46:15.175Z"}
error: Missionary {"timestamp":"2021-06-20T10:46:23.044Z"}
error: Laying On Desk {"timestamp":"2021-06-20T10:46:38.284Z"}
error: Mating Press {"timestamp":"2021-06-20T10:50:45.038Z"}
error: Pressed From Behind {"timestamp":"2021-06-20T11:19:30.782Z"}
error: Seated Spooning {"timestamp":"2021-06-20T11:22:34.463Z"}
error: Sofa Cowgirl {"timestamp":"2021-06-20T11:22:59.915Z"}
error: Standing {"timestamp":"2021-06-20T11:25:04.580Z"}
error: Pressed From Behind {"timestamp":"2021-06-20T11:25:17.636Z"}
error: Caress (stand) {"timestamp":"2021-06-20T11:26:02.959Z"}
error: Pressed From Behind {"timestamp":"2021-06-20T11:26:12.356Z"}
error: 本棚愛撫 {"timestamp":"2021-06-20T18:56:47.544Z"}
error: 正常位 {"timestamp":"2021-06-20T18:57:16.784Z"}
error: 開脚正常位 {"timestamp":"2021-06-20T18:57:24.778Z"}
error: 後背位 {"timestamp":"2021-06-20T18:57:34.193Z"}
error: 腕引っ張り後背位 {"timestamp":"2021-06-20T18:57:41.663Z"}
error: 騎乗位 {"timestamp":"2021-06-20T18:57:55.151Z"}
error: 側位 {"timestamp":"2021-06-20T18:58:01.802Z"}
error: 立位 {"timestamp":"2021-06-20T18:58:09.228Z"}
error: 駅弁 {"timestamp":"2021-06-20T18:58:17.266Z"}
error: 椅子対面 {"timestamp":"2021-06-20T18:58:23.918Z"}
error: 椅子背面 {"timestamp":"2021-06-20T18:58:32.396Z"}
error: 椅子バック {"timestamp":"2021-06-20T18:58:38.704Z"}
error: 腕引っ張り椅子バック {"timestamp":"2021-06-20T18:58:46.160Z"}
error: 机寝位 {"timestamp":"2021-06-20T18:58:52.232Z"}
error: 机バック {"timestamp":"2021-06-20T18:58:58.558Z"}
error: 腕引っ張り机バック {"timestamp":"2021-06-20T18:59:05.557Z"}
error: 机側位 {"timestamp":"2021-06-20T18:59:16.155Z"}
error: 壁対面片足上げ {"timestamp":"2021-06-20T18:59:22.966Z"}
error: 壁バック {"timestamp":"2021-06-20T18:59:28.988Z"}
error: 片足上げ壁バック {"timestamp":"2021-06-20T18:59:35.039Z"}
error: プールバック {"timestamp":"2021-06-20T18:59:42.505Z"}
error: フェンス後背位 {"timestamp":"2021-06-20T18:59:49.325Z"}
error: フェンス掴まり駅弁 {"timestamp":"2021-06-20T18:59:55.144Z"}
error: 種付けプレス {"timestamp":"2021-06-20T19:00:02.011Z"}
error: マングリ正常位 {"timestamp":"2021-06-20T19:00:09.224Z"}
error: 跳び箱バック {"timestamp":"2021-06-20T19:00:14.688Z"}
error: 寝バック {"timestamp":"2021-06-20T19:00:21.644Z"}
error: ソファ騎乗位 {"timestamp":"2021-06-20T19:00:28.988Z"}
error: 押し付けバック {"timestamp":"2021-06-20T19:00:34.740Z"}
